<?xml version="1.0" encoding="UTF-8"?>
<!-- Generated by org.testng.reporters.JUnitReportReporter -->
<testsuite skipped="0" hostname="ip-172-31-95-8" name="asign.app1" tests="1" failures="0" timestamp="25 May 2020 20:21:55 GMT" time="3.371" errors="0">
  <testcase name="test" time="3.371" classname="asign.app1"/>
</testsuite> <!-- asign.app1 -->
